0 info it worked if it ends with ok
1 verbose cli [ '/usr/bin/nodejs', '/usr/bin/npm', 'install', 'semistandard' ]
2 info using npm@3.5.2
3 info using node@v4.2.6
4 silly loadCurrentTree Starting
5 silly install loadCurrentTree
6 silly install readLocalPackageData
7 silly fetchPackageMetaData semistandard
8 silly fetchNamedPackageData semistandard
9 silly mapToRegistry name semistandard
10 silly mapToRegistry using default registry
11 silly mapToRegistry registry https://registry.npmjs.org/
12 silly mapToRegistry uri https://registry.npmjs.org/semistandard
13 verbose request uri https://registry.npmjs.org/semistandard
14 verbose request no auth needed
15 info attempt registry request try #1 at 7:19:52 PM
16 verbose request id 06eb7deeedfce540
17 http request GET https://registry.npmjs.org/semistandard
18 http 200 https://registry.npmjs.org/semistandard
19 verbose headers { date: 'Mon, 06 May 2024 02:19:52 GMT',
19 verbose headers   'content-type': 'application/json',
19 verbose headers   'transfer-encoding': 'chunked',
19 verbose headers   connection: 'keep-alive',
19 verbose headers   'cf-ray': '87f57ce5d8852072-IAD',
19 verbose headers   'cf-cache-status': 'HIT',
19 verbose headers   'access-control-allow-origin': '*',
19 verbose headers   age: '24',
19 verbose headers   'cache-control': 'public, max-age=300',
19 verbose headers   etag: 'W/"dc24de9a6738630a7664726186257e89"',
19 verbose headers   'last-modified': 'Thu, 13 Jul 2023 22:46:00 GMT',
19 verbose headers   vary: 'accept-encoding, accept',
19 verbose headers   server: 'cloudflare',
19 verbose headers   'content-encoding': 'gzip' }
20 silly get cb [ 200,
20 silly get   { date: 'Mon, 06 May 2024 02:19:52 GMT',
20 silly get     'content-type': 'application/json',
20 silly get     'transfer-encoding': 'chunked',
20 silly get     connection: 'keep-alive',
20 silly get     'cf-ray': '87f57ce5d8852072-IAD',
20 silly get     'cf-cache-status': 'HIT',
20 silly get     'access-control-allow-origin': '*',
20 silly get     age: '24',
20 silly get     'cache-control': 'public, max-age=300',
20 silly get     etag: 'W/"dc24de9a6738630a7664726186257e89"',
20 silly get     'last-modified': 'Thu, 13 Jul 2023 22:46:00 GMT',
20 silly get     vary: 'accept-encoding, accept',
20 silly get     server: 'cloudflare',
20 silly get     'content-encoding': 'gzip' } ]
21 verbose get saving semistandard to /root/.npm/registry.npmjs.org/semistandard/.cache.json
22 verbose makeDirectory /root/.npm creation not in flight; initializing
23 silly makeDirectory /root/.npm uid: 0 gid: 0
24 silly install normalizeTree
25 silly loadCurrentTree Finishing
26 silly loadIdealTree Starting
27 silly install loadIdealTree
28 silly cloneCurrentTree Starting
29 silly install cloneCurrentTreeToIdealTree
30 silly cloneCurrentTree Finishing
31 silly loadShrinkwrap Starting
32 silly install loadShrinkwrap
33 silly loadShrinkwrap Finishing
34 silly loadAllDepsIntoIdealTree Starting
35 silly install loadAllDepsIntoIdealTree
36 verbose stack Error: Missing required argument #1
36 verbose stack     at andLogAndFinish (/usr/share/npm/lib/fetch-package-metadata.js:31:3)
36 verbose stack     at fetchPackageMetadata (/usr/share/npm/lib/fetch-package-metadata.js:51:22)
36 verbose stack     at resolveWithNewModule (/usr/share/npm/lib/install/deps.js:456:12)
36 verbose stack     at /usr/share/npm/lib/install/deps.js:190:5
36 verbose stack     at /usr/share/npm/node_modules/slide/lib/async-map.js:52:35
36 verbose stack     at Array.forEach (native)
36 verbose stack     at /usr/share/npm/node_modules/slide/lib/async-map.js:52:11
36 verbose stack     at Array.forEach (native)
36 verbose stack     at asyncMap (/usr/share/npm/node_modules/slide/lib/async-map.js:51:8)
36 verbose stack     at exports.loadRequestedDeps (/usr/share/npm/lib/install/deps.js:188:3)
37 verbose cwd /AirBnB_clone_v4/web_dynamic/static/scripts
38 error Linux 5.3.0-1032-aws
39 error argv "/usr/bin/nodejs" "/usr/bin/npm" "install" "semistandard"
40 error node v4.2.6
41 error npm  v3.5.2
42 error code EMISSINGARG
43 error typeerror Error: Missing required argument #1
43 error typeerror     at andLogAndFinish (/usr/share/npm/lib/fetch-package-metadata.js:31:3)
43 error typeerror     at fetchPackageMetadata (/usr/share/npm/lib/fetch-package-metadata.js:51:22)
43 error typeerror     at resolveWithNewModule (/usr/share/npm/lib/install/deps.js:456:12)
43 error typeerror     at /usr/share/npm/lib/install/deps.js:190:5
43 error typeerror     at /usr/share/npm/node_modules/slide/lib/async-map.js:52:35
43 error typeerror     at Array.forEach (native)
43 error typeerror     at /usr/share/npm/node_modules/slide/lib/async-map.js:52:11
43 error typeerror     at Array.forEach (native)
43 error typeerror     at asyncMap (/usr/share/npm/node_modules/slide/lib/async-map.js:51:8)
43 error typeerror     at exports.loadRequestedDeps (/usr/share/npm/lib/install/deps.js:188:3)
44 error typeerror This is an error with npm itself. Please report this error at:
44 error typeerror     <http://github.com/npm/npm/issues>
45 verbose exit [ 1, true ]
